>> prime...


>> calcWeights...


length between 28423 & 6990 = 157348.09989779093
 reverse from 1 = 28423 to 0 = 6990
length between 28423 & 8223 = 138183.74537940847
 reverse from 2 = 28423 to 0 = 8223
length between 28423 & 34336 = 153913.6826347559
 reverse from 3 = 28423 to 0 = 34336
length between 28423 & 26942 = 375548.07357894006
 reverse from 4 = 28423 to 0 = 26942
length between 28423 & 24939 = 233190.87231263932
 reverse from 5 = 28423 to 0 = 24939
length between 28423 & 21787 = 230789.39988620195
 reverse from 6 = 28423 to 0 = 21787
length between 28423 & 31242 = 147196.93646764976
 reverse from 7 = 28423 to 0 = 31242
length between 28423 & 6693 = 109524.29463458661
 reverse from 8 = 28423 to 0 = 6693
length between 28423 & 29459 = 115491.50397680044
 reverse from 9 = 28423 to 0 = 29459
length between 28423 & 18044 = 111875.46994648213
 reverse from 10 = 28423 to 0 = 18044
length between 28423 & 16204 = 282776.7197283405
 reverse from 11 = 28423 to 0 = 16204
length between 28423 & 19544 = 270675.2487326445
 reverse from 12 = 28423 to 0 = 19544
length between 28423 & 4731 = 373837.45236560336
 reverse from 13 = 28423 to 0 = 4731
length between 28423 & 33814 = 207784.32681410108
 reverse from 14 = 28423 to 0 = 33814
length between 28423 & 14625 = 257329.30177191854
 reverse from 15 = 28423 to 0 = 14625
length between 6990 & 8223 = 229315.20867251424
 reverse from 2 = 6990 to 1 = 8223
length between 6990 & 34336 = 164521.17965972185
 reverse from 3 = 6990 to 1 = 34336
length between 6990 & 26942 = 241792.07023335664
 reverse from 4 = 6990 to 1 = 26942
length between 6990 & 24939 = 368320.80846246704
 reverse from 5 = 6990 to 1 = 24939
length between 6990 & 21787 = 293030.7115080669
 reverse from 6 = 6990 to 1 = 21787
length between 6990 & 31242 = 280706.2124041704
 reverse from 7 = 6990 to 1 = 31242
length between 6990 & 6693 = 106000.65549958857
 reverse from 8 = 6990 to 1 = 6693
length between 6990 & 29459 = 208913.37146941837
 reverse from 9 = 6990 to 1 = 29459
length between 6990 & 18044 = 246349.04770070632
 reverse from 10 = 6990 to 1 = 18044
length between 6990 & 16204 = 143383.02595724468
 reverse from 11 = 6990 to 1 = 16204
length between 6990 & 19544 = 364097.1162252626
 reverse from 12 = 6990 to 1 = 19544
length between 6990 & 4731 = 335889.9091268068
 reverse from 13 = 6990 to 1 = 4731
length between 6990 & 33814 = 320157.15107527917
 reverse from 14 = 6990 to 1 = 33814
length between 6990 & 14625 = 219381.75853312193
 reverse from 15 = 6990 to 1 = 14625
length between 8223 & 34336 = 245587.04713399216
 reverse from 3 = 8223 to 2 = 34336
length between 8223 & 26942 = 463867.80768964865
 reverse from 4 = 8223 to 2 = 26942
length between 8223 & 24939 = 309963.61236868676
 reverse from 5 = 8223 to 2 = 24939
length between 8223 & 21787 = 322462.7643854382
 reverse from 6 = 8223 to 2 = 21787
length between 8223 & 31242 = 223969.67652369716
 reverse from 7 = 8223 to 2 = 31242
length between 8223 & 6693 = 125643.116817237
 reverse from 8 = 8223 to 2 = 6693
length between 8223 & 29459 = 207164.86847603665
 reverse from 9 = 8223 to 2 = 29459
length between 8223 & 18044 = 137533.420594493
 reverse from 10 = 8223 to 2 = 18044
length between 8223 & 16204 = 371096.453839049
 reverse from 11 = 8223 to 2 = 16204
length between 8223 & 19544 = 362348.6132318808
 reverse from 12 = 8223 to 2 = 19544
length between 8223 & 4731 = 465510.81686483964
 reverse from 13 = 8223 to 2 = 4731
length between 8223 & 33814 = 284557.0668701485
 reverse from 14 = 8223 to 2 = 33814
length between 8223 & 14625 = 349002.66627115477
 reverse from 15 = 8223 to 2 = 14625
length between 34336 & 26942 = 230921.81220949892
 reverse from 4 = 34336 to 3 = 26942
length between 34336 & 24939 = 285815.77766349184
 reverse from 5 = 34336 to 3 = 24939
length between 34336 & 21787 = 148916.27422251253
 reverse from 6 = 34336 to 3 = 21787
length between 34336 & 31242 = 197987.61287799588
 reverse from 7 = 34336 to 3 = 31242
length between 34336 & 6693 = 165725.65521795262
 reverse from 8 = 34336 to 3 = 6693
length between 34336 & 29459 = 126194.77194324385
 reverse from 9 = 34336 to 3 = 29459
length between 34336 & 18044 = 256525.34247332558
 reverse from 10 = 34336 to 3 = 18044
length between 34336 & 16204 = 138150.45835889937
 reverse from 11 = 34336 to 3 = 16204
length between 34336 & 19544 = 249104.4021301745
 reverse from 12 = 34336 to 3 = 19544
length between 34336 & 4731 = 226601.37678727123
 reverse from 13 = 34336 to 3 = 4731
length between 34336 & 33814 = 232706.90990820416
 reverse from 14 = 34336 to 3 = 33814
length between 34336 & 14625 = 110093.22619358634
 reverse from 15 = 34336 to 3 = 14625
length between 26942 & 24939 = 510059.98281656706
 reverse from 5 = 26942 to 4 = 24939
length between 26942 & 21787 = 182336.16711791087
 reverse from 6 = 26942 to 4 = 21787
length between 26942 & 31242 = 376975.8468162445
 reverse from 7 = 26942 to 4 = 31242
length between 26942 & 6693 = 346363.3524382106
 reverse from 8 = 26942 to 4 = 6693
length between 26942 & 29459 = 291592.8825031571
 reverse from 9 = 26942 to 4 = 29459
length between 26942 & 18044 = 474806.1030289818
 reverse from 10 = 26942 to 4 = 18044
length between 26942 & 16204 = 155231.79574098313
 reverse from 11 = 26942 to 4 = 16204
length between 26942 & 19544 = 281830.519783853
 reverse from 12 = 26942 to 4 = 19544
length between 26942 & 4731 = 198004.73873522342
 reverse from 13 = 26942 to 4 = 4731
length between 26942 & 33814 = 267502.9312366615
 reverse from 14 = 26942 to 4 = 33814
length between 26942 & 14625 = 145000.09184178486
 reverse from 15 = 26942 to 4 = 14625
length between 24939 & 21787 = 354233.57213685906
 reverse from 6 = 24939 to 5 = 21787
length between 24939 & 31242 = 146962.04911924637
 reverse from 7 = 24939 to 5 = 31242
length between 24939 & 6693 = 332025.77216245927
 reverse from 8 = 24939 to 5 = 6693
length between 24939 & 29459 = 245414.96954067287
 reverse from 9 = 24939 to 5 = 29459
length between 24939 & 18044 = 271276.608093478
 reverse from 10 = 24939 to 5 = 18044
length between 24939 & 16204 = 417288.62896596733
 reverse from 11 = 24939 to 5 = 16204
length between 24939 & 19544 = 393197.69235210883
 reverse from 12 = 24939 to 5 = 19544
length between 24939 & 4731 = 504844.290191892
 reverse from 13 = 24939 to 5 = 4731
length between 24939 & 33814 = 260329.0469196614
 reverse from 14 = 24939 to 5 = 33814
length between 24939 & 14625 = 389231.39680065436
 reverse from 15 = 24939 to 5 = 14625
length between 21787 & 31242 = 207271.52301761264
 reverse from 7 = 21787 to 6 = 31242
length between 21787 & 6693 = 287053.9036832469
 reverse from 8 = 21787 to 6 = 6693
length between 21787 & 29459 = 121888.5587045253
 reverse from 9 = 21787 to 6 = 29459
length between 21787 & 18044 = 333401.0597247716
 reverse from 10 = 21787 to 6 = 18044
length between 21787 & 16204 = 232865.51825188004
 reverse from 11 = 21787 to 6 = 16204
length between 21787 & 19544 = 112990.77419433117
 reverse from 12 = 21787 to 6 = 19544
length between 21787 & 4731 = 168505.1675123743
 reverse from 13 = 21787 to 6 = 4731
length between 21787 & 33814 = 97798.6074380297
 reverse from 14 = 21787 to 6 = 33814
length between 21787 & 14625 = 117235.14470463965
 reverse from 15 = 21787 to 6 = 14625
length between 31242 & 6693 = 246031.83631746966
 reverse from 8 = 31242 to 7 = 6693
length between 31242 & 29459 = 156074.34276947027
 reverse from 9 = 31242 to 7 = 29459
length between 31242 & 18044 = 185282.6722484884
 reverse from 10 = 31242 to 7 = 18044
length between 31242 & 16204 = 329460.4641804715
 reverse from 11 = 31242 to 7 = 16204
length between 31242 & 19544 = 246235.64323286232
 reverse from 12 = 31242 to 7 = 19544
length between 31242 & 4731 = 357882.2410726455
 reverse from 13 = 31242 to 7 = 4731
length between 31242 & 33814 = 113366.99780041508
 reverse from 14 = 31242 to 7 = 33814
length between 31242 & 14625 = 301403.2320151585
 reverse from 15 = 31242 to 7 = 14625
length between 6693 & 29459 = 178505.41773121475
 reverse from 9 = 6693 to 8 = 29459
length between 6693 & 18044 = 169778.73642476485
 reverse from 10 = 6693 to 8 = 18044
length between 6693 & 16204 = 249383.68145683332
 reverse from 11 = 6693 to 8 = 16204
length between 6693 & 19544 = 333689.1624870589
 reverse from 12 = 6693 to 8 = 19544
length between 6693 & 4731 = 350262.91312303784
 reverse from 13 = 6693 to 8 = 4731
length between 6693 & 33814 = 289749.1973370756
 reverse from 14 = 6693 to 8 = 33814
length between 6693 & 14625 = 233754.762529353
 reverse from 15 = 6693 to 8 = 14625
length between 29459 & 18044 = 218103.1638153701
 reverse from 10 = 29459 to 9 = 18044
length between 29459 & 16204 = 257667.6232457194
 reverse from 11 = 29459 to 9 = 16204
length between 29459 & 19544 = 161774.40755096788
 reverse from 12 = 29459 to 9 = 19544
length between 29459 & 4731 = 273421.00539075106
 reverse from 13 = 29459 to 9 = 4731
length between 29459 & 33814 = 117834.4424009846
 reverse from 14 = 29459 to 9 = 33814
length between 29459 & 14625 = 226491.86008988586
 reverse from 15 = 29459 to 9 = 14625
length between 18044 & 16204 = 382034.7491783823
 reverse from 11 = 18044 to 10 = 16204
length between 18044 & 19544 = 373286.9085712142
 reverse from 12 = 18044 to 10 = 19544
length between 18044 & 4731 = 476449.1122041731
 reverse from 13 = 18044 to 10 = 4731
length between 18044 & 33814 = 245870.06259493972
 reverse from 14 = 18044 to 10 = 33814
length between 18044 & 14625 = 359940.96161048824
 reverse from 15 = 18044 to 10 = 14625
length between 16204 & 19544 = 333053.64615954197
 reverse from 12 = 16204 to 11 = 19544
length between 16204 & 4731 = 249329.63463443326
 reverse from 13 = 16204 to 11 = 4731
length between 16204 & 33814 = 318032.28237063077
 reverse from 14 = 16204 to 11 = 33814
length between 16204 & 14625 = 132821.4840407484
 reverse from 15 = 16204 to 11 = 14625
length between 19544 & 4731 = 135921.11798711095
 reverse from 13 = 19544 to 12 = 4731
length between 19544 & 33814 = 135981.7417512532
 reverse from 14 = 19544 to 12 = 33814
length between 19544 & 14625 = 217423.27261230157
 reverse from 15 = 19544 to 12 = 14625
length between 4731 & 33814 = 247628.3395910363
 reverse from 14 = 4731 to 13 = 33814
length between 4731 & 14625 = 133699.26108719283
 reverse from 15 = 4731 to 13 = 14625
length between 33814 & 14625 = 202401.90882339032
 reverse from 15 = 33814 to 14 = 14625
chosen Edge between : 6693 & 28423
chosen Edge between : 6990 & 6693
chosen Edge between : 18044 & 28423
chosen Edge between : 29459 & 28423
chosen Edge between : 33814 & 29459
chosen Edge between : 21787 & 33814
chosen Edge between : 19544 & 21787
chosen Edge between : 31242 & 33814
chosen Edge between : 14625 & 21787
chosen Edge between : 34336 & 14625
chosen Edge between : 8223 & 6693
chosen Edge between : 16204 & 14625
chosen Edge between : 4731 & 14625
chosen Edge between : 26942 & 14625
chosen Edge between : 24939 & 31242
my size
connect until your cluster


... URGENT AGENTS STATE ... 510680597 clock: 1
68 42 1
changed agents: 


... OPEN MST STATE ... 510680597 clock: 1
still going to my center: 19544 agent: 510680597
entity to be cleared: 19544 agent: 510680597


... URGENT AGENTS STATE ... 510680597 clock: 2
68 42 2
changed agents: 
there is a future target: 510680597
chekicng 336106920
agent is probably stuck: 336106920
agent was close to my path: 336106920 im 510680597


... URGENT AGENTS STATE ... 510680597 clock: 3
68 42 3
changed agents: 


... URGENT AGENTS STATE ... 510680597 clock: 4
68 42 4
changed agents: 
FB: 336106920
have i seen this agent? 336106920 im 510680597


... URGENT AGENTS STATE ... 510680597 clock: 5
68 42 5
changed agents: 
FB: 336106920
have i seen this agent? 336106920 im 510680597


... URGENT AGENTS STATE ... 510680597 clock: 6
68 42 6
changed agents: 
FB: 336106920
have i seen this agent? 336106920 im 510680597


... URGENT AGENTS STATE ... 510680597 clock: 7
68 42 7
changed agents: 
FB: 336106920
have i seen this agent? 336106920 im 510680597


... URGENT AGENTS STATE ... 510680597 clock: 8
68 42 8
changed agents: 
FB: 336106920
have i seen this agent? 336106920 im 510680597
